2022.10.16 03:11:34 INFO  ce[][o.s.p.ProcessEntryPoint] Starting ce
2022.10.16 03:11:34 INFO  ce[][o.s.ce.app.CeServer] Compute Engine starting up...
2022.10.16 03:11:36 INFO  ce[][o.s.s.e.EsClientProvider] Connected to local Elasticsearch: [http://localhost:9001]
2022.10.16 03:11:39 INFO  ce[][o.sonar.db.Database] Create JDBC data source for jdbc:h2:tcp://127.0.0.1:9092/sonar
2022.10.16 03:11:41 WARN  ce[][o.s.db.dialect.H2] H2 database should be used for evaluation purpose only.
2022.10.16 03:11:47 INFO  ce[][o.s.s.p.ServerFileSystemImpl] SonarQube home: /opt/sonarqube
2022.10.16 03:11:48 INFO  ce[][o.s.c.c.CePluginRepository] Load plugins
2022.10.16 03:11:51 INFO  ce[][o.s.c.c.ComputeEngineContainerImpl] Running Community edition
2022.10.16 03:11:52 INFO  ce[][o.s.ce.app.CeServer] Compute Engine is operational
2022.10.16 03:24:37 INFO  ce[][o.s.p.ProcessEntryPoint] Gracefully stopping process
2022.10.16 03:24:37 INFO  ce[][o.s.ce.app.CeServer] Compute Engine is stopping...
2022.10.16 03:24:37 INFO  ce[][o.s.c.t.CeProcessingSchedulerImpl] Gracefully stopping workers...
2022.10.16 03:24:37 INFO  ce[][o.s.ce.app.CeServer] Compute Engine is stopped
2022.10.16 03:31:38 INFO  ce[][o.s.p.ProcessEntryPoint] Starting ce
2022.10.16 03:31:38 INFO  ce[][o.s.ce.app.CeServer] Compute Engine starting up...
2022.10.16 03:31:40 INFO  ce[][o.s.s.e.EsClientProvider] Connected to local Elasticsearch: [http://localhost:9001]
2022.10.16 03:31:42 INFO  ce[][o.sonar.db.Database] Create JDBC data source for jdbc:h2:tcp://127.0.0.1:9092/sonar
2022.10.16 03:31:43 WARN  ce[][o.s.db.dialect.H2] H2 database should be used for evaluation purpose only.
2022.10.16 03:31:49 INFO  ce[][o.s.s.p.ServerFileSystemImpl] SonarQube home: /opt/sonarqube
2022.10.16 03:31:50 INFO  ce[][o.s.c.c.CePluginRepository] Load plugins
2022.10.16 03:31:53 INFO  ce[][o.s.c.c.ComputeEngineContainerImpl] Running Community edition
2022.10.16 03:31:53 INFO  ce[][o.s.ce.app.CeServer] Compute Engine is operational
2022.10.16 03:59:38 INFO  ce[][o.s.p.ProcessEntryPoint] Gracefully stopping process
2022.10.16 03:59:38 INFO  ce[][o.s.ce.app.CeServer] Compute Engine is stopping...
2022.10.16 03:59:38 INFO  ce[][o.s.c.t.CeProcessingSchedulerImpl] Gracefully stopping workers...
2022.10.16 03:59:38 INFO  ce[][o.s.ce.app.CeServer] Compute Engine is stopped
2022.10.16 04:06:39 INFO  ce[][o.s.p.ProcessEntryPoint] Starting ce
2022.10.16 04:06:39 INFO  ce[][o.s.ce.app.CeServer] Compute Engine starting up...
2022.10.16 04:06:40 INFO  ce[][o.s.s.e.EsClientProvider] Connected to local Elasticsearch: [http://localhost:9001]
2022.10.16 04:06:42 INFO  ce[][o.sonar.db.Database] Create JDBC data source for jdbc:h2:tcp://127.0.0.1:9092/sonar
2022.10.16 04:06:43 WARN  ce[][o.s.db.dialect.H2] H2 database should be used for evaluation purpose only.
2022.10.16 04:06:47 INFO  ce[][o.s.s.p.ServerFileSystemImpl] SonarQube home: /opt/sonarqube
2022.10.16 04:06:49 INFO  ce[][o.s.c.c.CePluginRepository] Load plugins
2022.10.16 04:06:52 INFO  ce[][o.s.c.c.ComputeEngineContainerImpl] Running Community edition
2022.10.16 04:06:52 INFO  ce[][o.s.ce.app.CeServer] Compute Engine is operational
2022.10.16 04:08:02 INFO  ce[][o.s.p.ProcessEntryPoint] Gracefully stopping process
2022.10.16 04:08:02 INFO  ce[][o.s.ce.app.CeServer] Compute Engine is stopping...
2022.10.16 04:08:02 INFO  ce[][o.s.c.t.CeProcessingSchedulerImpl] Gracefully stopping workers...
2022.10.16 04:08:02 INFO  ce[][o.s.ce.app.CeServer] Compute Engine is stopped
2022.10.16 04:12:39 INFO  ce[][o.s.p.ProcessEntryPoint] Starting ce
2022.10.16 04:12:39 INFO  ce[][o.s.ce.app.CeServer] Compute Engine starting up...
2022.10.16 04:12:40 INFO  ce[][o.s.s.e.EsClientProvider] Connected to local Elasticsearch: [http://localhost:9001]
2022.10.16 04:12:42 INFO  ce[][o.sonar.db.Database] Create JDBC data source for jdbc:h2:tcp://127.0.0.1:9092/sonar
2022.10.16 04:12:43 WARN  ce[][o.s.db.dialect.H2] H2 database should be used for evaluation purpose only.
2022.10.16 04:12:47 INFO  ce[][o.s.s.p.ServerFileSystemImpl] SonarQube home: /opt/sonarqube
2022.10.16 04:12:48 INFO  ce[][o.s.c.c.CePluginRepository] Load plugins
2022.10.16 04:12:52 INFO  ce[][o.s.c.c.ComputeEngineContainerImpl] Running Community edition
2022.10.16 04:12:52 INFO  ce[][o.s.ce.app.CeServer] Compute Engine is operational
