2022.10.16 03:03:23 INFO  app[][o.s.a.AppFileSystem] Cleaning or creating temp directory /opt/sonarqube/temp
2022.10.16 03:03:23 INFO  app[][o.s.a.es.EsSettings] Elasticsearch listening on [HTTP: 127.0.0.1:9001, TCP: 127.0.0.1:46075]
2022.10.16 03:03:23 INFO  app[][o.s.a.ProcessLauncherImpl] Launch process[[key='es', ipcIndex=1, logFilenamePrefix=es]] from [/opt/sonarqube/elasticsearch]: /opt/sonarqube/elasticsearch/bin/elasticsearch
2022.10.16 03:03:23 INFO  app[][o.s.a.SchedulerImpl] Waiting for Elasticsearch to be up and running
2022.10.16 03:04:02 INFO  app[][o.s.a.SchedulerImpl] Process[es] is up
2022.10.16 03:04:02 INFO  app[][o.s.a.ProcessLauncherImpl] Launch process[[key='web', ipcIndex=2, logFilenamePrefix=web]] from [/opt/sonarqube]: /opt/java/openjdk/bin/java -Djava.awt.headless=true -Dfile.encoding=UTF-8 -Djava.io.tmpdir=/opt/sonarqube/temp -XX:-OmitStackTraceInFastThrow --add-opens=java.base/java.util=ALL-UNNAMED --add-opens=java.base/java.lang=ALL-UNNAMED --add-opens=java.base/java.io=ALL-UNNAMED --add-opens=java.rmi/sun.rmi.transport=ALL-UNNAMED -Xmx512m -Xms128m -XX:+HeapDumpOnOutOfMemoryError -Dhttp.nonProxyHosts=localhost|127.*|[::1] -cp ./lib/sonar-application-8.9.9.56886.jar:/opt/sonarqube/lib/jdbc/h2/h2-1.4.199.jar org.sonar.server.app.WebServer /opt/sonarqube/temp/sq-process14390050925951578573properties
2022.10.16 03:11:31 INFO  app[][o.s.a.SchedulerImpl] Process[web] is up
2022.10.16 03:11:31 INFO  app[][o.s.a.ProcessLauncherImpl] Launch process[[key='ce', ipcIndex=3, logFilenamePrefix=ce]] from [/opt/sonarqube]: /opt/java/openjdk/bin/java -Djava.awt.headless=true -Dfile.encoding=UTF-8 -Djava.io.tmpdir=/opt/sonarqube/temp -XX:-OmitStackTraceInFastThrow --add-opens=java.base/java.util=ALL-UNNAMED -Xmx512m -Xms128m -XX:+HeapDumpOnOutOfMemoryError -Dhttp.nonProxyHosts=localhost|127.*|[::1] -cp ./lib/sonar-application-8.9.9.56886.jar:/opt/sonarqube/lib/jdbc/h2/h2-1.4.199.jar org.sonar.ce.app.CeServer /opt/sonarqube/temp/sq-process1938906513270127539properties
2022.10.16 03:11:52 INFO  app[][o.s.a.SchedulerImpl] Process[ce] is up
2022.10.16 03:11:52 INFO  app[][o.s.a.SchedulerImpl] SonarQube is up
2022.10.16 03:24:37 INFO  app[][o.s.a.SchedulerImpl] Stopping SonarQube
2022.10.16 03:24:37 INFO  app[][o.s.a.SchedulerImpl] Process[ce] is stopped
2022.10.16 03:24:38 INFO  app[][o.s.a.SchedulerImpl] Process[web] is stopped
2022.10.16 03:24:40 WARN  app[][o.s.a.p.AbstractManagedProcess] Process exited with exit value [es]: 143
2022.10.16 03:24:40 INFO  app[][o.s.a.SchedulerImpl] Process[es] is stopped
2022.10.16 03:24:40 INFO  app[][o.s.a.SchedulerImpl] SonarQube is stopped
2022.10.16 03:25:27 INFO  app[][o.s.a.AppFileSystem] Cleaning or creating temp directory /opt/sonarqube/temp
2022.10.16 03:25:27 INFO  app[][o.s.a.es.EsSettings] Elasticsearch listening on [HTTP: 127.0.0.1:9001, TCP: 127.0.0.1:33933]
2022.10.16 03:25:27 INFO  app[][o.s.a.ProcessLauncherImpl] Launch process[[key='es', ipcIndex=1, logFilenamePrefix=es]] from [/opt/sonarqube/elasticsearch]: /opt/sonarqube/elasticsearch/bin/elasticsearch
2022.10.16 03:25:27 INFO  app[][o.s.a.SchedulerImpl] Waiting for Elasticsearch to be up and running
2022.10.16 03:26:37 INFO  app[][o.s.a.SchedulerImpl] Stopping SonarQube
2022.10.16 03:26:40 INFO  app[][o.s.a.SchedulerImpl] Process[es] is stopped
2022.10.16 03:26:40 WARN  app[][o.s.a.p.AbstractManagedProcess] Process exited with exit value [es]: 143
2022.10.16 03:26:40 INFO  app[][o.s.a.SchedulerImpl] SonarQube is stopped
2022.10.16 03:27:20 INFO  app[][o.s.a.AppFileSystem] Cleaning or creating temp directory /opt/sonarqube/temp
2022.10.16 03:27:20 INFO  app[][o.s.a.es.EsSettings] Elasticsearch listening on [HTTP: 127.0.0.1:9001, TCP: 127.0.0.1:34779]
2022.10.16 03:27:21 INFO  app[][o.s.a.ProcessLauncherImpl] Launch process[[key='es', ipcIndex=1, logFilenamePrefix=es]] from [/opt/sonarqube/elasticsearch]: /opt/sonarqube/elasticsearch/bin/elasticsearch
2022.10.16 03:27:21 INFO  app[][o.s.a.SchedulerImpl] Waiting for Elasticsearch to be up and running
2022.10.16 03:28:29 INFO  app[][o.s.a.SchedulerImpl] Process[es] is up
2022.10.16 03:28:29 INFO  app[][o.s.a.ProcessLauncherImpl] Launch process[[key='web', ipcIndex=2, logFilenamePrefix=web]] from [/opt/sonarqube]: /opt/java/openjdk/bin/java -Djava.awt.headless=true -Dfile.encoding=UTF-8 -Djava.io.tmpdir=/opt/sonarqube/temp -XX:-OmitStackTraceInFastThrow --add-opens=java.base/java.util=ALL-UNNAMED --add-opens=java.base/java.lang=ALL-UNNAMED --add-opens=java.base/java.io=ALL-UNNAMED --add-opens=java.rmi/sun.rmi.transport=ALL-UNNAMED -Xmx512m -Xms128m -XX:+HeapDumpOnOutOfMemoryError -Dhttp.nonProxyHosts=localhost|127.*|[::1] -cp ./lib/sonar-application-8.9.9.56886.jar:/opt/sonarqube/lib/jdbc/h2/h2-1.4.199.jar org.sonar.server.app.WebServer /opt/sonarqube/temp/sq-process6405213246903684902properties
2022.10.16 03:31:37 INFO  app[][o.s.a.SchedulerImpl] Process[web] is up
2022.10.16 03:31:37 INFO  app[][o.s.a.ProcessLauncherImpl] Launch process[[key='ce', ipcIndex=3, logFilenamePrefix=ce]] from [/opt/sonarqube]: /opt/java/openjdk/bin/java -Djava.awt.headless=true -Dfile.encoding=UTF-8 -Djava.io.tmpdir=/opt/sonarqube/temp -XX:-OmitStackTraceInFastThrow --add-opens=java.base/java.util=ALL-UNNAMED -Xmx512m -Xms128m -XX:+HeapDumpOnOutOfMemoryError -Dhttp.nonProxyHosts=localhost|127.*|[::1] -cp ./lib/sonar-application-8.9.9.56886.jar:/opt/sonarqube/lib/jdbc/h2/h2-1.4.199.jar org.sonar.ce.app.CeServer /opt/sonarqube/temp/sq-process7055465850679507055properties
2022.10.16 03:31:53 INFO  app[][o.s.a.SchedulerImpl] Process[ce] is up
2022.10.16 03:31:53 INFO  app[][o.s.a.SchedulerImpl] SonarQube is up
2022.10.16 03:59:38 INFO  app[][o.s.a.SchedulerImpl] Stopping SonarQube
2022.10.16 03:59:38 INFO  app[][o.s.a.SchedulerImpl] Process[ce] is stopped
2022.10.16 03:59:42 INFO  app[][o.s.a.SchedulerImpl] Process[web] is stopped
2022.10.16 03:59:43 WARN  app[][o.s.a.p.AbstractManagedProcess] Process exited with exit value [es]: 143
2022.10.16 03:59:43 INFO  app[][o.s.a.SchedulerImpl] Process[es] is stopped
2022.10.16 03:59:43 INFO  app[][o.s.a.SchedulerImpl] SonarQube is stopped
2022.10.16 04:02:20 INFO  app[][o.s.a.AppFileSystem] Cleaning or creating temp directory /opt/sonarqube/temp
2022.10.16 04:02:21 INFO  app[][o.s.a.es.EsSettings] Elasticsearch listening on [HTTP: 127.0.0.1:9001, TCP: 127.0.0.1:38951]
2022.10.16 04:02:21 INFO  app[][o.s.a.ProcessLauncherImpl] Launch process[[key='es', ipcIndex=1, logFilenamePrefix=es]] from [/opt/sonarqube/elasticsearch]: /opt/sonarqube/elasticsearch/bin/elasticsearch
2022.10.16 04:02:21 INFO  app[][o.s.a.SchedulerImpl] Waiting for Elasticsearch to be up and running
2022.10.16 04:03:36 INFO  app[][o.s.a.SchedulerImpl] Process[es] is up
2022.10.16 04:03:36 INFO  app[][o.s.a.ProcessLauncherImpl] Launch process[[key='web', ipcIndex=2, logFilenamePrefix=web]] from [/opt/sonarqube]: /opt/java/openjdk/bin/java -Djava.awt.headless=true -Dfile.encoding=UTF-8 -Djava.io.tmpdir=/opt/sonarqube/temp -XX:-OmitStackTraceInFastThrow --add-opens=java.base/java.util=ALL-UNNAMED --add-opens=java.base/java.lang=ALL-UNNAMED --add-opens=java.base/java.io=ALL-UNNAMED --add-opens=java.rmi/sun.rmi.transport=ALL-UNNAMED -Xmx512m -Xms128m -XX:+HeapDumpOnOutOfMemoryError -Dhttp.nonProxyHosts=localhost|127.*|[::1] -cp ./lib/sonar-application-8.9.9.56886.jar:/opt/sonarqube/lib/jdbc/h2/h2-1.4.199.jar org.sonar.server.app.WebServer /opt/sonarqube/temp/sq-process16994776559188915286properties
2022.10.16 04:06:38 INFO  app[][o.s.a.SchedulerImpl] Process[web] is up
2022.10.16 04:06:38 INFO  app[][o.s.a.ProcessLauncherImpl] Launch process[[key='ce', ipcIndex=3, logFilenamePrefix=ce]] from [/opt/sonarqube]: /opt/java/openjdk/bin/java -Djava.awt.headless=true -Dfile.encoding=UTF-8 -Djava.io.tmpdir=/opt/sonarqube/temp -XX:-OmitStackTraceInFastThrow --add-opens=java.base/java.util=ALL-UNNAMED -Xmx512m -Xms128m -XX:+HeapDumpOnOutOfMemoryError -Dhttp.nonProxyHosts=localhost|127.*|[::1] -cp ./lib/sonar-application-8.9.9.56886.jar:/opt/sonarqube/lib/jdbc/h2/h2-1.4.199.jar org.sonar.ce.app.CeServer /opt/sonarqube/temp/sq-process8367744656050629115properties
2022.10.16 04:06:52 INFO  app[][o.s.a.SchedulerImpl] Process[ce] is up
2022.10.16 04:06:52 INFO  app[][o.s.a.SchedulerImpl] SonarQube is up
2022.10.16 04:08:01 INFO  app[][o.s.a.SchedulerImpl] Stopping SonarQube
2022.10.16 04:08:02 INFO  app[][o.s.a.SchedulerImpl] Process[ce] is stopped
2022.10.16 04:08:06 INFO  app[][o.s.a.SchedulerImpl] Process[web] is stopped
2022.10.16 04:08:07 INFO  app[][o.s.a.SchedulerImpl] Process[es] is stopped
2022.10.16 04:08:07 WARN  app[][o.s.a.p.AbstractManagedProcess] Process exited with exit value [es]: 143
2022.10.16 04:08:08 INFO  app[][o.s.a.SchedulerImpl] SonarQube is stopped
2022.10.16 04:08:36 INFO  app[][o.s.a.AppFileSystem] Cleaning or creating temp directory /opt/sonarqube/temp
2022.10.16 04:08:36 INFO  app[][o.s.a.es.EsSettings] Elasticsearch listening on [HTTP: 127.0.0.1:9001, TCP: 127.0.0.1:42689]
2022.10.16 04:08:36 INFO  app[][o.s.a.ProcessLauncherImpl] Launch process[[key='es', ipcIndex=1, logFilenamePrefix=es]] from [/opt/sonarqube/elasticsearch]: /opt/sonarqube/elasticsearch/bin/elasticsearch
2022.10.16 04:08:36 INFO  app[][o.s.a.SchedulerImpl] Waiting for Elasticsearch to be up and running
2022.10.16 04:09:43 INFO  app[][o.s.a.SchedulerImpl] Process[es] is up
2022.10.16 04:09:43 INFO  app[][o.s.a.ProcessLauncherImpl] Launch process[[key='web', ipcIndex=2, logFilenamePrefix=web]] from [/opt/sonarqube]: /opt/java/openjdk/bin/java -Djava.awt.headless=true -Dfile.encoding=UTF-8 -Djava.io.tmpdir=/opt/sonarqube/temp -XX:-OmitStackTraceInFastThrow --add-opens=java.base/java.util=ALL-UNNAMED --add-opens=java.base/java.lang=ALL-UNNAMED --add-opens=java.base/java.io=ALL-UNNAMED --add-opens=java.rmi/sun.rmi.transport=ALL-UNNAMED -Xmx512m -Xms128m -XX:+HeapDumpOnOutOfMemoryError -Dhttp.nonProxyHosts=localhost|127.*|[::1] -cp ./lib/sonar-application-8.9.9.56886.jar:/opt/sonarqube/lib/jdbc/h2/h2-1.4.199.jar org.sonar.server.app.WebServer /opt/sonarqube/temp/sq-process928423541739307251properties
2022.10.16 04:12:37 INFO  app[][o.s.a.SchedulerImpl] Process[web] is up
2022.10.16 04:12:37 INFO  app[][o.s.a.ProcessLauncherImpl] Launch process[[key='ce', ipcIndex=3, logFilenamePrefix=ce]] from [/opt/sonarqube]: /opt/java/openjdk/bin/java -Djava.awt.headless=true -Dfile.encoding=UTF-8 -Djava.io.tmpdir=/opt/sonarqube/temp -XX:-OmitStackTraceInFastThrow --add-opens=java.base/java.util=ALL-UNNAMED -Xmx512m -Xms128m -XX:+HeapDumpOnOutOfMemoryError -Dhttp.nonProxyHosts=localhost|127.*|[::1] -cp ./lib/sonar-application-8.9.9.56886.jar:/opt/sonarqube/lib/jdbc/h2/h2-1.4.199.jar org.sonar.ce.app.CeServer /opt/sonarqube/temp/sq-process12148363415131077878properties
2022.10.16 04:12:52 INFO  app[][o.s.a.SchedulerImpl] Process[ce] is up
2022.10.16 04:12:52 INFO  app[][o.s.a.SchedulerImpl] SonarQube is up
